  main.cpp
  ofApp.cpp
  Arm.cpp
  DataCollector.cpp
C:\of_v0.9.8_vs_release\libs\openFrameworks\math\ofMatrix4x4.h(320): warning C4267: 'argument': conversion from 'size_t' to 'int', possible loss of data (compiling source file src\DataCollector.cpp)
C:\of_v0.9.8_vs_release\libs\openFrameworks\math\ofMatrix4x4.h(325): warning C4267: 'argument': conversion from 'size_t' to 'int', possible loss of data (compiling source file src\DataCollector.cpp)
C:\of_v0.9.8_vs_release\libs\openFrameworks\math\ofMatrix4x4.h(320): warning C4267: 'argument': conversion from 'size_t' to 'int', possible loss of data (compiling source file src\Arm.cpp)
C:\of_v0.9.8_vs_release\libs\openFrameworks\math\ofMatrix4x4.h(325): warning C4267: 'argument': conversion from 'size_t' to 'int', possible loss of data (compiling source file src\Arm.cpp)
C:\of_v0.9.8_vs_release\libs\openFrameworks\math\ofMatrix4x4.h(320): warning C4267: 'argument': conversion from 'size_t' to 'int', possible loss of data (compiling source file src\ofApp.cpp)
C:\of_v0.9.8_vs_release\libs\openFrameworks\math\ofMatrix4x4.h(325): warning C4267: 'argument': conversion from 'size_t' to 'int', possible loss of data (compiling source file src\ofApp.cpp)
C:\of_v0.9.8_vs_release\libs\openFrameworks\math\ofMatrix4x4.h(969): warning C4267: 'argument': conversion from 'size_t' to 'int', possible loss of data (compiling source file src\DataCollector.cpp)
C:\of_v0.9.8_vs_release\libs\openFrameworks\math\ofMatrix4x4.h(970): warning C4267: 'argument': conversion from 'size_t' to 'int', possible loss of data (compiling source file src\DataCollector.cpp)
C:\of_v0.9.8_vs_release\libs\openFrameworks\math\ofMatrix4x4.h(971): warning C4267: 'argument': conversion from 'size_t' to 'int', possible loss of data (compiling source file src\DataCollector.cpp)
C:\of_v0.9.8_vs_release\libs\openFrameworks\math\ofMatrix4x4.h(972): warning C4267: 'argument': conversion from 'size_t' to 'int', possible loss of data (compiling source file src\DataCollector.cpp)
C:\of_v0.9.8_vs_release\libs\openFrameworks\math\ofMatrix4x4.h(969): warning C4267: 'argument': conversion from 'size_t' to 'int', possible loss of data (compiling source file src\Arm.cpp)
C:\of_v0.9.8_vs_release\libs\openFrameworks\math\ofMatrix4x4.h(970): warning C4267: 'argument': conversion from 'size_t' to 'int', possible loss of data (compiling source file src\Arm.cpp)
C:\of_v0.9.8_vs_release\libs\openFrameworks\math\ofMatrix4x4.h(971): warning C4267: 'argument': conversion from 'size_t' to 'int', possible loss of data (compiling source file src\Arm.cpp)
C:\of_v0.9.8_vs_release\libs\openFrameworks\math\ofMatrix4x4.h(972): warning C4267: 'argument': conversion from 'size_t' to 'int', possible loss of data (compiling source file src\Arm.cpp)
C:\of_v0.9.8_vs_release\libs\openFrameworks\math\ofMatrix4x4.h(320): warning C4267: 'argument': conversion from 'size_t' to 'int', possible loss of data (compiling source file src\main.cpp)
C:\of_v0.9.8_vs_release\libs\openFrameworks\math\ofMatrix4x4.h(325): warning C4267: 'argument': conversion from 'size_t' to 'int', possible loss of data (compiling source file src\main.cpp)
C:\of_v0.9.8_vs_release\libs\openFrameworks\math\ofMatrix4x4.h(969): warning C4267: 'argument': conversion from 'size_t' to 'int', possible loss of data (compiling source file src\ofApp.cpp)
C:\of_v0.9.8_vs_release\libs\openFrameworks\math\ofMatrix4x4.h(970): warning C4267: 'argument': conversion from 'size_t' to 'int', possible loss of data (compiling source file src\ofApp.cpp)
C:\of_v0.9.8_vs_release\libs\openFrameworks\math\ofMatrix4x4.h(971): warning C4267: 'argument': conversion from 'size_t' to 'int', possible loss of data (compiling source file src\ofApp.cpp)
C:\of_v0.9.8_vs_release\libs\openFrameworks\math\ofMatrix4x4.h(972): warning C4267: 'argument': conversion from 'size_t' to 'int', possible loss of data (compiling source file src\ofApp.cpp)
C:\of_v0.9.8_vs_release\libs\openFrameworks\math\ofMatrix4x4.h(969): warning C4267: 'argument': conversion from 'size_t' to 'int', possible loss of data (compiling source file src\main.cpp)
C:\of_v0.9.8_vs_release\libs\openFrameworks\math\ofMatrix4x4.h(970): warning C4267: 'argument': conversion from 'size_t' to 'int', possible loss of data (compiling source file src\main.cpp)
C:\of_v0.9.8_vs_release\libs\openFrameworks\math\ofMatrix4x4.h(971): warning C4267: 'argument': conversion from 'size_t' to 'int', possible loss of data (compiling source file src\main.cpp)
C:\of_v0.9.8_vs_release\libs\openFrameworks\math\ofMatrix4x4.h(972): warning C4267: 'argument': conversion from 'size_t' to 'int', possible loss of data (compiling source file src\main.cpp)
c:\of_v0.9.8_vs_release\apps\myapps\myo_reader\include\myo\cxx\impl\../detail/ThrowOnError.hpp(39): warning C4297: 'myo::ThrowOnError::~ThrowOnError': function assumed not to throw an exception but does (compiling source file src\ofApp.cpp)
  c:\of_v0.9.8_vs_release\apps\myapps\myo_reader\include\myo\cxx\impl\../detail/ThrowOnError.hpp(39): note: destructor or deallocator has a (possibly implicit) non-throwing exception specification (compiling source file src\ofApp.cpp)
c:\of_v0.9.8_vs_release\apps\myapps\myo_reader\include\myo\cxx\impl\../detail/ThrowOnError.hpp(45): warning C4297: 'myo::ThrowOnError::~ThrowOnError': function assumed not to throw an exception but does (compiling source file src\ofApp.cpp)
  c:\of_v0.9.8_vs_release\apps\myapps\myo_reader\include\myo\cxx\impl\../detail/ThrowOnError.hpp(45): note: destructor or deallocator has a (possibly implicit) non-throwing exception specification (compiling source file src\ofApp.cpp)
c:\of_v0.9.8_vs_release\apps\myapps\myo_reader\include\myo\cxx\impl\../detail/ThrowOnError.hpp(39): warning C4297: 'myo::ThrowOnError::~ThrowOnError': function assumed not to throw an exception but does (compiling source file src\DataCollector.cpp)
  c:\of_v0.9.8_vs_release\apps\myapps\myo_reader\include\myo\cxx\impl\../detail/ThrowOnError.hpp(39): note: destructor or deallocator has a (possibly implicit) non-throwing exception specification (compiling source file src\DataCollector.cpp)
c:\of_v0.9.8_vs_release\apps\myapps\myo_reader\include\myo\cxx\impl\../detail/ThrowOnError.hpp(45): warning C4297: 'myo::ThrowOnError::~ThrowOnError': function assumed not to throw an exception but does (compiling source file src\DataCollector.cpp)
  c:\of_v0.9.8_vs_release\apps\myapps\myo_reader\include\myo\cxx\impl\../detail/ThrowOnError.hpp(45): note: destructor or deallocator has a (possibly implicit) non-throwing exception specification (compiling source file src\DataCollector.cpp)
c:\of_v0.9.8_vs_release\apps\myapps\myo_reader\include\myo\cxx\impl\../detail/ThrowOnError.hpp(39): warning C4297: 'myo::ThrowOnError::~ThrowOnError': function assumed not to throw an exception but does (compiling source file src\main.cpp)
  c:\of_v0.9.8_vs_release\apps\myapps\myo_reader\include\myo\cxx\impl\../detail/ThrowOnError.hpp(39): note: destructor or deallocator has a (possibly implicit) non-throwing exception specification (compiling source file src\main.cpp)
c:\of_v0.9.8_vs_release\apps\myapps\myo_reader\include\myo\cxx\impl\../detail/ThrowOnError.hpp(45): warning C4297: 'myo::ThrowOnError::~ThrowOnError': function assumed not to throw an exception but does (compiling source file src\main.cpp)
  c:\of_v0.9.8_vs_release\apps\myapps\myo_reader\include\myo\cxx\impl\../detail/ThrowOnError.hpp(45): note: destructor or deallocator has a (possibly implicit) non-throwing exception specification (compiling source file src\main.cpp)
c:\of_v0.9.8_vs_release\addons\ofxosc\src\ofxOscBundle.h(52): warning C4267: 'return': conversion from 'size_t' to 'int', possible loss of data (compiling source file src\main.cpp)
c:\of_v0.9.8_vs_release\addons\ofxosc\src\ofxOscBundle.h(53): warning C4267: 'return': conversion from 'size_t' to 'int', possible loss of data (compiling source file src\main.cpp)
c:\of_v0.9.8_vs_release\addons\ofxosc\src\ofxOscBundle.h(52): warning C4267: 'return': conversion from 'size_t' to 'int', possible loss of data (compiling source file src\ofApp.cpp)
c:\of_v0.9.8_vs_release\addons\ofxosc\src\ofxOscBundle.h(53): warning C4267: 'return': conversion from 'size_t' to 'int', possible loss of data (compiling source file src\ofApp.cpp)
src\ofApp.cpp(63): warning C4101: 'e': unreferenced local variable
  ofxBaseGui.cpp
  ofxButton.cpp
  ofxGuiGroup.cpp
  ofxLabel.cpp
C:\of_v0.9.8_vs_release\libs\openFrameworks\math\ofMatrix4x4.h(320): warning C4267: 'argument': conversion from 'size_t' to 'int', possible loss of data (compiling source file ..\..\..\addons\ofxGui\src\ofxBaseGui.cpp)
C:\of_v0.9.8_vs_release\libs\openFrameworks\math\ofMatrix4x4.h(325): warning C4267: 'argument': conversion from 'size_t' to 'int', possible loss of data (compiling source file ..\..\..\addons\ofxGui\src\ofxBaseGui.cpp)
C:\of_v0.9.8_vs_release\libs\openFrameworks\math\ofMatrix4x4.h(969): warning C4267: 'argument': conversion from 'size_t' to 'int', possible loss of data (compiling source file ..\..\..\addons\ofxGui\src\ofxBaseGui.cpp)
C:\of_v0.9.8_vs_release\libs\openFrameworks\math\ofMatrix4x4.h(970): warning C4267: 'argument': conversion from 'size_t' to 'int', possible loss of data (compiling source file ..\..\..\addons\ofxGui\src\ofxBaseGui.cpp)
C:\of_v0.9.8_vs_release\libs\openFrameworks\math\ofMatrix4x4.h(971): warning C4267: 'argument': conversion from 'size_t' to 'int', possible loss of data (compiling source file ..\..\..\addons\ofxGui\src\ofxBaseGui.cpp)
C:\of_v0.9.8_vs_release\libs\openFrameworks\math\ofMatrix4x4.h(972): warning C4267: 'argument': conversion from 'size_t' to 'int', possible loss of data (compiling source file ..\..\..\addons\ofxGui\src\ofxBaseGui.cpp)
c:\of_v0.9.8_vs_release\libs\openframeworks\math\ofMatrix4x4.h(320): warning C4267: 'argument': conversion from 'size_t' to 'int', possible loss of data (compiling source file ..\..\..\addons\ofxGui\src\ofxButton.cpp)
c:\of_v0.9.8_vs_release\libs\openframeworks\math\ofMatrix4x4.h(325): warning C4267: 'argument': conversion from 'size_t' to 'int', possible loss of data (compiling source file ..\..\..\addons\ofxGui\src\ofxButton.cpp)
c:\of_v0.9.8_vs_release\libs\openframeworks\math\ofMatrix4x4.h(969): warning C4267: 'argument': conversion from 'size_t' to 'int', possible loss of data (compiling source file ..\..\..\addons\ofxGui\src\ofxButton.cpp)
c:\of_v0.9.8_vs_release\libs\openframeworks\math\ofMatrix4x4.h(970): warning C4267: 'argument': conversion from 'size_t' to 'int', possible loss of data (compiling source file ..\..\..\addons\ofxGui\src\ofxButton.cpp)
c:\of_v0.9.8_vs_release\libs\openframeworks\math\ofMatrix4x4.h(971): warning C4267: 'argument': conversion from 'size_t' to 'int', possible loss of data (compiling source file ..\..\..\addons\ofxGui\src\ofxButton.cpp)
c:\of_v0.9.8_vs_release\libs\openframeworks\math\ofMatrix4x4.h(972): warning C4267: 'argument': conversion from 'size_t' to 'int', possible loss of data (compiling source file ..\..\..\addons\ofxGui\src\ofxButton.cpp)
C:\of_v0.9.8_vs_release\libs\openFrameworks\math\ofMatrix4x4.h(320): warning C4267: 'argument': conversion from 'size_t' to 'int', possible loss of data (compiling source file ..\..\..\addons\ofxGui\src\ofxLabel.cpp)
C:\of_v0.9.8_vs_release\libs\openFrameworks\math\ofMatrix4x4.h(325): warning C4267: 'argument': conversion from 'size_t' to 'int', possible loss of data (compiling source file ..\..\..\addons\ofxGui\src\ofxLabel.cpp)
C:\of_v0.9.8_vs_release\libs\openFrameworks\math\ofMatrix4x4.h(320): warning C4267: 'argument': conversion from 'size_t' to 'int', possible loss of data (compiling source file ..\..\..\addons\ofxGui\src\ofxGuiGroup.cpp)
C:\of_v0.9.8_vs_release\libs\openFrameworks\math\ofMatrix4x4.h(325): warning C4267: 'argument': conversion from 'size_t' to 'int', possible loss of data (compiling source file ..\..\..\addons\ofxGui\src\ofxGuiGroup.cpp)
C:\of_v0.9.8_vs_release\libs\openFrameworks\math\ofMatrix4x4.h(969): warning C4267: 'argument': conversion from 'size_t' to 'int', possible loss of data (compiling source file ..\..\..\addons\ofxGui\src\ofxLabel.cpp)
C:\of_v0.9.8_vs_release\libs\openFrameworks\math\ofMatrix4x4.h(970): warning C4267: 'argument': conversion from 'size_t' to 'int', possible loss of data (compiling source file ..\..\..\addons\ofxGui\src\ofxLabel.cpp)
C:\of_v0.9.8_vs_release\libs\openFrameworks\math\ofMatrix4x4.h(971): warning C4267: 'argument': conversion from 'size_t' to 'int', possible loss of data (compiling source file ..\..\..\addons\ofxGui\src\ofxLabel.cpp)
C:\of_v0.9.8_vs_release\libs\openFrameworks\math\ofMatrix4x4.h(972): warning C4267: 'argument': conversion from 'size_t' to 'int', possible loss of data (compiling source file ..\..\..\addons\ofxGui\src\ofxLabel.cpp)
C:\of_v0.9.8_vs_release\libs\openFrameworks\math\ofMatrix4x4.h(969): warning C4267: 'argument': conversion from 'size_t' to 'int', possible loss of data (compiling source file ..\..\..\addons\ofxGui\src\ofxGuiGroup.cpp)
C:\of_v0.9.8_vs_release\libs\openFrameworks\math\ofMatrix4x4.h(970): warning C4267: 'argument': conversion from 'size_t' to 'int', possible loss of data (compiling source file ..\..\..\addons\ofxGui\src\ofxGuiGroup.cpp)
C:\of_v0.9.8_vs_release\libs\openFrameworks\math\ofMatrix4x4.h(971): warning C4267: 'argument': conversion from 'size_t' to 'int', possible loss of data (compiling source file ..\..\..\addons\ofxGui\src\ofxGuiGroup.cpp)
C:\of_v0.9.8_vs_release\libs\openFrameworks\math\ofMatrix4x4.h(972): warning C4267: 'argument': conversion from 'size_t' to 'int', possible loss of data (compiling source file ..\..\..\addons\ofxGui\src\ofxGuiGroup.cpp)
  ofxPanel.cpp
  ofxSlider.cpp
  ofxSliderGroup.cpp
C:\of_v0.9.8_vs_release\libs\openFrameworks\math\ofMatrix4x4.h(320): warning C4267: 'argument': conversion from 'size_t' to 'int', possible loss of data (compiling source file ..\..\..\addons\ofxGui\src\ofxPanel.cpp)
C:\of_v0.9.8_vs_release\libs\openFrameworks\math\ofMatrix4x4.h(325): warning C4267: 'argument': conversion from 'size_t' to 'int', possible loss of data (compiling source file ..\..\..\addons\ofxGui\src\ofxPanel.cpp)
C:\of_v0.9.8_vs_release\libs\openFrameworks\math\ofMatrix4x4.h(969): warning C4267: 'argument': conversion from 'size_t' to 'int', possible loss of data (compiling source file ..\..\..\addons\ofxGui\src\ofxPanel.cpp)
C:\of_v0.9.8_vs_release\libs\openFrameworks\math\ofMatrix4x4.h(970): warning C4267: 'argument': conversion from 'size_t' to 'int', possible loss of data (compiling source file ..\..\..\addons\ofxGui\src\ofxPanel.cpp)
C:\of_v0.9.8_vs_release\libs\openFrameworks\math\ofMatrix4x4.h(971): warning C4267: 'argument': conversion from 'size_t' to 'int', possible loss of data (compiling source file ..\..\..\addons\ofxGui\src\ofxPanel.cpp)
C:\of_v0.9.8_vs_release\libs\openFrameworks\math\ofMatrix4x4.h(972): warning C4267: 'argument': conversion from 'size_t' to 'int', possible loss of data (compiling source file ..\..\..\addons\ofxGui\src\ofxPanel.cpp)
C:\of_v0.9.8_vs_release\libs\openFrameworks\math\ofMatrix4x4.h(320): warning C4267: 'argument': conversion from 'size_t' to 'int', possible loss of data (compiling source file ..\..\..\addons\ofxGui\src\ofxSlider.cpp)
C:\of_v0.9.8_vs_release\libs\openFrameworks\math\ofMatrix4x4.h(325): warning C4267: 'argument': conversion from 'size_t' to 'int', possible loss of data (compiling source file ..\..\..\addons\ofxGui\src\ofxSlider.cpp)
C:\of_v0.9.8_vs_release\libs\openFrameworks\math\ofMatrix4x4.h(969): warning C4267: 'argument': conversion from 'size_t' to 'int', possible loss of data (compiling source file ..\..\..\addons\ofxGui\src\ofxSlider.cpp)
C:\of_v0.9.8_vs_release\libs\openFrameworks\math\ofMatrix4x4.h(970): warning C4267: 'argument': conversion from 'size_t' to 'int', possible loss of data (compiling source file ..\..\..\addons\ofxGui\src\ofxSlider.cpp)
C:\of_v0.9.8_vs_release\libs\openFrameworks\math\ofMatrix4x4.h(971): warning C4267: 'argument': conversion from 'size_t' to 'int', possible loss of data (compiling source file ..\..\..\addons\ofxGui\src\ofxSlider.cpp)
C:\of_v0.9.8_vs_release\libs\openFrameworks\math\ofMatrix4x4.h(972): warning C4267: 'argument': conversion from 'size_t' to 'int', possible loss of data (compiling source file ..\..\..\addons\ofxGui\src\ofxSlider.cpp)
C:\of_v0.9.8_vs_release\libs\openFrameworks\math\ofMatrix4x4.h(320): warning C4267: 'argument': conversion from 'size_t' to 'int', possible loss of data (compiling source file ..\..\..\addons\ofxGui\src\ofxSliderGroup.cpp)
C:\of_v0.9.8_vs_release\libs\openFrameworks\math\ofMatrix4x4.h(325): warning C4267: 'argument': conversion from 'size_t' to 'int', possible loss of data (compiling source file ..\..\..\addons\ofxGui\src\ofxSliderGroup.cpp)
C:\of_v0.9.8_vs_release\libs\openFrameworks\math\ofMatrix4x4.h(969): warning C4267: 'argument': conversion from 'size_t' to 'int', possible loss of data (compiling source file ..\..\..\addons\ofxGui\src\ofxSliderGroup.cpp)
C:\of_v0.9.8_vs_release\libs\openFrameworks\math\ofMatrix4x4.h(970): warning C4267: 'argument': conversion from 'size_t' to 'int', possible loss of data (compiling source file ..\..\..\addons\ofxGui\src\ofxSliderGroup.cpp)
C:\of_v0.9.8_vs_release\libs\openFrameworks\math\ofMatrix4x4.h(971): warning C4267: 'argument': conversion from 'size_t' to 'int', possible loss of data (compiling source file ..\..\..\addons\ofxGui\src\ofxSliderGroup.cpp)
C:\of_v0.9.8_vs_release\libs\openFrameworks\math\ofMatrix4x4.h(972): warning C4267: 'argument': conversion from 'size_t' to 'int', possible loss of data (compiling source file ..\..\..\addons\ofxGui\src\ofxSliderGroup.cpp)
  ofxToggle.cpp
  ofxOscBundle.cpp
c:\of_v0.9.8_vs_release\libs\openframeworks\math\ofMatrix4x4.h(320): warning C4267: 'argument': conversion from 'size_t' to 'int', possible loss of data (compiling source file ..\..\..\addons\ofxGui\src\ofxToggle.cpp)
c:\of_v0.9.8_vs_release\libs\openframeworks\math\ofMatrix4x4.h(325): warning C4267: 'argument': conversion from 'size_t' to 'int', possible loss of data (compiling source file ..\..\..\addons\ofxGui\src\ofxToggle.cpp)
c:\of_v0.9.8_vs_release\libs\openframeworks\math\ofMatrix4x4.h(969): warning C4267: 'argument': conversion from 'size_t' to 'int', possible loss of data (compiling source file ..\..\..\addons\ofxGui\src\ofxToggle.cpp)
c:\of_v0.9.8_vs_release\libs\openframeworks\math\ofMatrix4x4.h(970): warning C4267: 'argument': conversion from 'size_t' to 'int', possible loss of data (compiling source file ..\..\..\addons\ofxGui\src\ofxToggle.cpp)
c:\of_v0.9.8_vs_release\libs\openframeworks\math\ofMatrix4x4.h(971): warning C4267: 'argument': conversion from 'size_t' to 'int', possible loss of data (compiling source file ..\..\..\addons\ofxGui\src\ofxToggle.cpp)
c:\of_v0.9.8_vs_release\libs\openframeworks\math\ofMatrix4x4.h(972): warning C4267: 'argument': conversion from 'size_t' to 'int', possible loss of data (compiling source file ..\..\..\addons\ofxGui\src\ofxToggle.cpp)
C:\of_v0.9.8_vs_release\libs\openFrameworks\math\ofMatrix4x4.h(320): warning C4267: 'argument': conversion from 'size_t' to 'int', possible loss of data (compiling source file ..\..\..\addons\ofxOsc\src\ofxOscBundle.cpp)
C:\of_v0.9.8_vs_release\libs\openFrameworks\math\ofMatrix4x4.h(325): warning C4267: 'argument': conversion from 'size_t' to 'int', possible loss of data (compiling source file ..\..\..\addons\ofxOsc\src\ofxOscBundle.cpp)
C:\of_v0.9.8_vs_release\libs\openFrameworks\math\ofMatrix4x4.h(969): warning C4267: 'argument': conversion from 'size_t' to 'int', possible loss of data (compiling source file ..\..\..\addons\ofxOsc\src\ofxOscBundle.cpp)
C:\of_v0.9.8_vs_release\libs\openFrameworks\math\ofMatrix4x4.h(970): warning C4267: 'argument': conversion from 'size_t' to 'int', possible loss of data (compiling source file ..\..\..\addons\ofxOsc\src\ofxOscBundle.cpp)
C:\of_v0.9.8_vs_release\libs\openFrameworks\math\ofMatrix4x4.h(971): warning C4267: 'argument': conversion from 'size_t' to 'int', possible loss of data (compiling source file ..\..\..\addons\ofxOsc\src\ofxOscBundle.cpp)
C:\of_v0.9.8_vs_release\libs\openFrameworks\math\ofMatrix4x4.h(972): warning C4267: 'argument': conversion from 'size_t' to 'int', possible loss of data (compiling source file ..\..\..\addons\ofxOsc\src\ofxOscBundle.cpp)
c:\of_v0.9.8_vs_release\addons\ofxosc\src\ofxOscBundle.h(52): warning C4267: 'return': conversion from 'size_t' to 'int', possible loss of data (compiling source file ..\..\..\addons\ofxOsc\src\ofxOscBundle.cpp)
c:\of_v0.9.8_vs_release\addons\ofxosc\src\ofxOscBundle.h(53): warning C4267: 'return': conversion from 'size_t' to 'int', possible loss of data (compiling source file ..\..\..\addons\ofxOsc\src\ofxOscBundle.cpp)
  ofxOscMessage.cpp
  ofxOscParameterSync.cpp
  ofxOscReceiver.cpp
  ofxOscSender.cpp
C:\of_v0.9.8_vs_release\libs\openFrameworks\math\ofMatrix4x4.h(320): warning C4267: 'argument': conversion from 'size_t' to 'int', possible loss of data (compiling source file ..\..\..\addons\ofxOsc\src\ofxOscMessage.cpp)
C:\of_v0.9.8_vs_release\libs\openFrameworks\math\ofMatrix4x4.h(325): warning C4267: 'argument': conversion from 'size_t' to 'int', possible loss of data (compiling source file ..\..\..\addons\ofxOsc\src\ofxOscMessage.cpp)
C:\of_v0.9.8_vs_release\libs\openFrameworks\math\ofMatrix4x4.h(320): warning C4267: 'argument': conversion from 'size_t' to 'int', possible loss of data (compiling source file ..\..\..\addons\ofxOsc\src\ofxOscParameterSync.cpp)
C:\of_v0.9.8_vs_release\libs\openFrameworks\math\ofMatrix4x4.h(325): warning C4267: 'argument': conversion from 'size_t' to 'int', possible loss of data (compiling source file ..\..\..\addons\ofxOsc\src\ofxOscParameterSync.cpp)
C:\of_v0.9.8_vs_release\libs\openFrameworks\math\ofMatrix4x4.h(969): warning C4267: 'argument': conversion from 'size_t' to 'int', possible loss of data (compiling source file ..\..\..\addons\ofxOsc\src\ofxOscMessage.cpp)
C:\of_v0.9.8_vs_release\libs\openFrameworks\math\ofMatrix4x4.h(970): warning C4267: 'argument': conversion from 'size_t' to 'int', possible loss of data (compiling source file ..\..\..\addons\ofxOsc\src\ofxOscMessage.cpp)
C:\of_v0.9.8_vs_release\libs\openFrameworks\math\ofMatrix4x4.h(971): warning C4267: 'argument': conversion from 'size_t' to 'int', possible loss of data (compiling source file ..\..\..\addons\ofxOsc\src\ofxOscMessage.cpp)
C:\of_v0.9.8_vs_release\libs\openFrameworks\math\ofMatrix4x4.h(972): warning C4267: 'argument': conversion from 'size_t' to 'int', possible loss of data (compiling source file ..\..\..\addons\ofxOsc\src\ofxOscMessage.cpp)
C:\of_v0.9.8_vs_release\libs\openFrameworks\math\ofMatrix4x4.h(969): warning C4267: 'argument': conversion from 'size_t' to 'int', possible loss of data (compiling source file ..\..\..\addons\ofxOsc\src\ofxOscParameterSync.cpp)
C:\of_v0.9.8_vs_release\libs\openFrameworks\math\ofMatrix4x4.h(970): warning C4267: 'argument': conversion from 'size_t' to 'int', possible loss of data (compiling source file ..\..\..\addons\ofxOsc\src\ofxOscParameterSync.cpp)
C:\of_v0.9.8_vs_release\libs\openFrameworks\math\ofMatrix4x4.h(971): warning C4267: 'argument': conversion from 'size_t' to 'int', possible loss of data (compiling source file ..\..\..\addons\ofxOsc\src\ofxOscParameterSync.cpp)
C:\of_v0.9.8_vs_release\libs\openFrameworks\math\ofMatrix4x4.h(972): warning C4267: 'argument': conversion from 'size_t' to 'int', possible loss of data (compiling source file ..\..\..\addons\ofxOsc\src\ofxOscParameterSync.cpp)
C:\of_v0.9.8_vs_release\libs\openFrameworks\math\ofMatrix4x4.h(320): warning C4267: 'argument': conversion from 'size_t' to 'int', possible loss of data (compiling source file ..\..\..\addons\ofxOsc\src\ofxOscReceiver.cpp)
C:\of_v0.9.8_vs_release\libs\openFrameworks\math\ofMatrix4x4.h(325): warning C4267: 'argument': conversion from 'size_t' to 'int', possible loss of data (compiling source file ..\..\..\addons\ofxOsc\src\ofxOscReceiver.cpp)
C:\of_v0.9.8_vs_release\libs\openFrameworks\math\ofMatrix4x4.h(969): warning C4267: 'argument': conversion from 'size_t' to 'int', possible loss of data (compiling source file ..\..\..\addons\ofxOsc\src\ofxOscReceiver.cpp)
C:\of_v0.9.8_vs_release\libs\openFrameworks\math\ofMatrix4x4.h(970): warning C4267: 'argument': conversion from 'size_t' to 'int', possible loss of data (compiling source file ..\..\..\addons\ofxOsc\src\ofxOscReceiver.cpp)
C:\of_v0.9.8_vs_release\libs\openFrameworks\math\ofMatrix4x4.h(971): warning C4267: 'argument': conversion from 'size_t' to 'int', possible loss of data (compiling source file ..\..\..\addons\ofxOsc\src\ofxOscReceiver.cpp)
C:\of_v0.9.8_vs_release\libs\openFrameworks\math\ofMatrix4x4.h(972): warning C4267: 'argument': conversion from 'size_t' to 'int', possible loss of data (compiling source file ..\..\..\addons\ofxOsc\src\ofxOscReceiver.cpp)
c:\of_v0.9.8_vs_release\addons\ofxosc\src\ofxOscBundle.h(52): warning C4267: 'return': conversion from 'size_t' to 'int', possible loss of data (compiling source file ..\..\..\addons\ofxOsc\src\ofxOscParameterSync.cpp)
c:\of_v0.9.8_vs_release\addons\ofxosc\src\ofxOscBundle.h(53): warning C4267: 'return': conversion from 'size_t' to 'int', possible loss of data (compiling source file ..\..\..\addons\ofxOsc\src\ofxOscParameterSync.cpp)
C:\of_v0.9.8_vs_release\libs\openFrameworks\math\ofMatrix4x4.h(320): warning C4267: 'argument': conversion from 'size_t' to 'int', possible loss of data (compiling source file ..\..\..\addons\ofxOsc\src\ofxOscSender.cpp)
C:\of_v0.9.8_vs_release\libs\openFrameworks\math\ofMatrix4x4.h(325): warning C4267: 'argument': conversion from 'size_t' to 'int', possible loss of data (compiling source file ..\..\..\addons\ofxOsc\src\ofxOscSender.cpp)
C:\of_v0.9.8_vs_release\libs\openFrameworks\math\ofMatrix4x4.h(969): warning C4267: 'argument': conversion from 'size_t' to 'int', possible loss of data (compiling source file ..\..\..\addons\ofxOsc\src\ofxOscSender.cpp)
C:\of_v0.9.8_vs_release\libs\openFrameworks\math\ofMatrix4x4.h(970): warning C4267: 'argument': conversion from 'size_t' to 'int', possible loss of data (compiling source file ..\..\..\addons\ofxOsc\src\ofxOscSender.cpp)
C:\of_v0.9.8_vs_release\libs\openFrameworks\math\ofMatrix4x4.h(971): warning C4267: 'argument': conversion from 'size_t' to 'int', possible loss of data (compiling source file ..\..\..\addons\ofxOsc\src\ofxOscSender.cpp)
C:\of_v0.9.8_vs_release\libs\openFrameworks\math\ofMatrix4x4.h(972): warning C4267: 'argument': conversion from 'size_t' to 'int', possible loss of data (compiling source file ..\..\..\addons\ofxOsc\src\ofxOscSender.cpp)
c:\of_v0.9.8_vs_release\addons\ofxosc\src\ofxOscBundle.h(52): warning C4267: 'return': conversion from 'size_t' to 'int', possible loss of data (compiling source file ..\..\..\addons\ofxOsc\src\ofxOscSender.cpp)
c:\of_v0.9.8_vs_release\addons\ofxosc\src\ofxOscBundle.h(53): warning C4267: 'return': conversion from 'size_t' to 'int', possible loss of data (compiling source file ..\..\..\addons\ofxOsc\src\ofxOscSender.cpp)
  IpEndpointName.cpp
  NetworkingUtils.cpp
..\..\..\addons\ofxOsc\libs\oscpack\src\ip\IpEndpointName.cpp(54): warning C4996: 'sprintf': This function or variable may be unsafe. Consider using sprintf_s instead. To disable deprecation, use _CRT_SECURE_NO_WARNINGS. See online help for details.
  C:\Program Files (x86)\Windows Kits\10\Include\10.0.10240.0\ucrt\stdio.h(1769): note: see declaration of 'sprintf'
..\..\..\addons\ofxOsc\libs\oscpack\src\ip\IpEndpointName.cpp(56): warning C4996: 'sprintf': This function or variable may be unsafe. Consider using sprintf_s instead. To disable deprecation, use _CRT_SECURE_NO_WARNINGS. See online help for details.
  C:\Program Files (x86)\Windows Kits\10\Include\10.0.10240.0\ucrt\stdio.h(1769): note: see declaration of 'sprintf'
..\..\..\addons\ofxOsc\libs\oscpack\src\ip\IpEndpointName.cpp(69): warning C4996: 'sprintf': This function or variable may be unsafe. Consider using sprintf_s instead. To disable deprecation, use _CRT_SECURE_NO_WARNINGS. See online help for details.
  C:\Program Files (x86)\Windows Kits\10\Include\10.0.10240.0\ucrt\stdio.h(1769): note: see declaration of 'sprintf'
..\..\..\addons\ofxOsc\libs\oscpack\src\ip\IpEndpointName.cpp(71): warning C4996: 'sprintf': This function or variable may be unsafe. Consider using sprintf_s instead. To disable deprecation, use _CRT_SECURE_NO_WARNINGS. See online help for details.
  C:\Program Files (x86)\Windows Kits\10\Include\10.0.10240.0\ucrt\stdio.h(1769): note: see declaration of 'sprintf'
..\..\..\addons\ofxOsc\libs\oscpack\src\ip\IpEndpointName.cpp(79): warning C4996: 'sprintf': This function or variable may be unsafe. Consider using sprintf_s instead. To disable deprecation, use _CRT_SECURE_NO_WARNINGS. See online help for details.
  C:\Program Files (x86)\Windows Kits\10\Include\10.0.10240.0\ucrt\stdio.h(1769): note: see declaration of 'sprintf'
..\..\..\addons\ofxOsc\libs\oscpack\src\ip\IpEndpointName.cpp(81): warning C4996: 'sprintf': This function or variable may be unsafe. Consider using sprintf_s instead. To disable deprecation, use _CRT_SECURE_NO_WARNINGS. See online help for details.
  C:\Program Files (x86)\Windows Kits\10\Include\10.0.10240.0\ucrt\stdio.h(1769): note: see declaration of 'sprintf'
  UdpSocket.cpp
..\..\..\addons\ofxOsc\libs\oscpack\src\ip\win32\NetworkingUtils.cpp(88): warning C4996: 'gethostbyname': Use getaddrinfo() or GetAddrInfoW() instead or define _WINSOCK_DEPRECATED_NO_WARNINGS to disable deprecated API warnings
  C:\Program Files (x86)\Windows Kits\8.1\Include\um\winsock2.h(2238): note: see declaration of 'gethostbyname'
  OscOutboundPacketStream.cpp
..\..\..\addons\ofxOsc\libs\oscpack\src\osc\OscOutboundPacketStream.cpp(363): warning C4996: 'strcpy': This function or variable may be unsafe. Consider using strcpy_s instead. To disable deprecation, use _CRT_SECURE_NO_WARNINGS. See online help for details.
  C:\Program Files (x86)\Windows Kits\10\Include\10.0.10240.0\ucrt\string.h(119): note: see declaration of 'strcpy'
..\..\..\addons\ofxOsc\libs\oscpack\src\osc\OscOutboundPacketStream.cpp(605): warning C4996: 'strcpy': This function or variable may be unsafe. Consider using strcpy_s instead. To disable deprecation, use _CRT_SECURE_NO_WARNINGS. See online help for details.
  C:\Program Files (x86)\Windows Kits\10\Include\10.0.10240.0\ucrt\string.h(119): note: see declaration of 'strcpy'
..\..\..\addons\ofxOsc\libs\oscpack\src\osc\OscOutboundPacketStream.cpp(625): warning C4996: 'strcpy': This function or variable may be unsafe. Consider using strcpy_s instead. To disable deprecation, use _CRT_SECURE_NO_WARNINGS. See online help for details.
  C:\Program Files (x86)\Windows Kits\10\Include\10.0.10240.0\ucrt\string.h(119): note: see declaration of 'strcpy'
  OscPrintReceivedElements.cpp
  OscReceivedElements.cpp
  OscTypes.cpp
..\..\..\addons\ofxOsc\libs\oscpack\src\osc\OscPrintReceivedElements.cpp(129): warning C4996: 'ctime': This function or variable may be unsafe. Consider using ctime_s instead. To disable deprecation, use _CRT_SECURE_NO_WARNINGS. See online help for details.
  C:\Program Files (x86)\Windows Kits\10\Include\10.0.10240.0\ucrt\time.h(475): note: see declaration of 'ctime'
     Creating library bin\myo_reader_debug.lib and object bin\myo_reader_debug.exp
  myo_reader.vcxproj -> C:\of_v0.9.8_vs_release\apps\myApps\myo_reader\bin\myo_reader_debug.exe
  myo_reader.vcxproj -> bin\myo_reader_debug.pdb (Full PDB)
  
  	                   9	C:\of_v0.9.8_vs_release\export\vs\x64\
  	  *Archivo EXTRA		  876696	C:\of_v0.9.8_vs_release\apps\myApps\myo_reader\bin\myo32.dll
  	  *Archivo EXTRA		 1137816	C:\of_v0.9.8_vs_release\apps\myApps\myo_reader\bin\myo64.dll
